<?xml version="1.0" encoding="UTF-8"?>
<!-- Generated by org.testng.reporters.JUnitReportReporter -->
<testsuite hostname="DESKTOP-V9897AD" failures="0" tests="1" name="com.TestNG.TestNGsample" time="11.805" errors="0" timestamp="03 Oct 2023 06:20:30 GMT" skipped="0">
  <testcase classname="com.TestNG.TestNGsample" name="TestHomePage" time="11.805"/>
</testsuite> <!-- com.TestNG.TestNGsample -->
