<?xml version="1.0" encoding="UTF-8"?>
<!-- Generated by org.testng.reporters.JUnitReportReporter -->
<testsuite hostname="DESKTOP-V9897AD" failures="0" tests="4" name="com.Task.TC002_Parallel" time="22.971" errors="0" timestamp="2023-10-05T22:47:08 IST" skipped="0">
  <testcase classname="com.Task.TC002_Parallel" name="searchProduct" time="0.551"/>
  <system-out/>
  <testcase classname="com.Task.TC002_Parallel" name="Browserclosed" time="0.593"/>
  <system-out/>
  <testcase classname="com.Task.TC002_Parallel" name="TestHomePage" time="21.604"/>
  <system-out/>
  <testcase classname="com.Task.TC002_Parallel" name="getProduct" time="0.223"/>
  <system-out/>
</testsuite> <!-- com.Task.TC002_Parallel -->
