<?xml version="1.0" encoding="UTF-8"?>
<!-- Generated by org.testng.reporters.JUnitReportReporter -->
<testsuite hostname="DESKTOP-V9897AD" failures="0" tests="3" name="com.Task.DemouserLogin" time="6.892" errors="0" timestamp="2023-10-03T15:29:51 IST" skipped="0">
  <testcase classname="com.Task.DemouserLogin" name="TestHomePage" time="5.150"/>
  <system-out/>
  <testcase classname="com.Task.DemouserLogin" name="goToLogin" time="0.603"/>
  <system-out/>
  <testcase classname="com.Task.DemouserLogin" name="returningUser" time="1.139"/>
  <system-out/>
</testsuite> <!-- com.Task.DemouserLogin -->
