<?xml version="1.0" encoding="UTF-8"?>
<!-- Generated by org.testng.reporters.JUnitReportReporter -->
<testsuite hostname="DESKTOP-V9897AD" failures="0" tests="1" name="Baseclass.Sample$TestNGsample" time="7.133" errors="0" timestamp="2023-10-03T13:18:10 IST" skipped="0">
  <testcase classname="Baseclass.Sample$TestNGsample" name="TestHomePage" time="7.133"/>
  <system-out/>
</testsuite> <!-- Baseclass.Sample$TestNGsample -->
