<?xml version="1.0" encoding="UTF-8"?>
<!-- Generated by org.testng.reporters.JUnitReportReporter -->
<testsuite hostname="DESKTOP-V9897AD" failures="0" tests="4" name="com.Task.TC004_Nykaa" time="46.217" errors="0" timestamp="2023-10-05T22:47:08 IST" skipped="0">
  <testcase classname="com.Task.TC004_Nykaa" name="TestHomePage" time="42.162"/>
  <system-out/>
  <testcase classname="com.Task.TC004_Nykaa" name="searchProduct" time="0.619"/>
  <system-out/>
  <testcase classname="com.Task.TC004_Nykaa" name="getProduct" time="3.028"/>
  <system-out/>
  <testcase classname="com.Task.TC004_Nykaa" name="Browserclosed" time="0.408"/>
  <system-out/>
</testsuite> <!-- com.Task.TC004_Nykaa -->
