<?xml version="1.0" encoding="UTF-8"?>
<!-- Generated by org.testng.reporters.JUnitReportReporter -->
<testsuite hostname="DESKTOP-V9897AD" failures="0" tests="2" name="com.Task.TC001_Annotations" time="0.019" errors="0" timestamp="2023-10-05T13:20:58 IST" skipped="0">
  <testcase classname="com.Task.TC001_Annotations" name="mainFunction1" time="0.016"/>
  <system-out/>
  <testcase classname="com.Task.TC001_Annotations" name="mainFunction2" time="0.003"/>
  <system-out/>
</testsuite> <!-- com.Task.TC001_Annotations -->
