<?xml version="1.0" encoding="UTF-8"?>
<!-- Generated by org.testng.reporters.JUnitReportReporter -->
<testsuite hostname="DESKTOP-V9897AD" failures="0" tests="5" name="com.Task.DemoTestNG" time="27.975" errors="0" timestamp="2023-10-03T20:27:01 IST" skipped="0">
  <testcase classname="com.Task.DemoTestNG" name="TestHomePage" time="23.623"/>
  <system-out/>
  <testcase classname="com.Task.DemoTestNG" name="RegisterNewuser" time="1.952"/>
  <system-out/>
  <testcase classname="com.Task.DemoTestNG" name="registerAccount" time="0.717"/>
  <system-out/>
  <testcase classname="com.Task.DemoTestNG" name="passWord" time="0.295"/>
  <system-out/>
  <testcase classname="com.Task.DemoTestNG" name="termsAndCondition" time="1.388"/>
  <system-out/>
</testsuite> <!-- com.Task.DemoTestNG -->
